<?xml version="1.0" encoding="UTF-8"?>
<testng-results skipped="1" failed="1" ignored="0" total="3" passed="1">
  <reporter-output>
  </reporter-output>
  <suite name="Default suite" duration-ms="5104" started-at="2019-07-25T15:17:28Z" finished-at="2019-07-25T15:17:33Z">
    <groups>
    </groups>
    <test name="Default test" duration-ms="5104" started-at="2019-07-25T15:17:28Z" finished-at="2019-07-25T15:17:33Z">
      <class name="com.test.GoogleTestCases">
        <test-method status="PASS" signature="beforeTest()[pri:0, instance:com.test.GoogleTestCases@18be83e4]" name="beforeTest" is-config="true" duration-ms="2590" started-at="2019-07-25T15:17:28Z" finished-at="2019-07-25T15:17:31Z">
          <reporter-output>
          </reporter-output>
        </test-method> <!-- beforeTest -->
        <test-method status="PASS" signature="openGoogleURL()[pri:0, instance:com.test.GoogleTestCases@18be83e4]" name="openGoogleURL" duration-ms="885" started-at="2019-07-25T15:17:31Z" finished-at="2019-07-25T15:17:32Z">
          <reporter-output>
          </reporter-output>
        </test-method> <!-- openGoogleURL -->
        <test-method status="FAIL" signature="searchText()[pri:0, instance:com.test.GoogleTestCases@18be83e4]" name="searchText" duration-ms="547" started-at="2019-07-25T15:17:32Z" depends-on-methods="com.test.GoogleTestCases.openGoogleURL" finished-at="2019-07-25T15:17:32Z">
          <exception class="java.lang.AssertionError">
            <message>
              <![CDATA[expected [studyautomation.com - Google Search] but found [Google]]]>
            </message>
            <full-stacktrace>
              <![CDATA[java.lang.AssertionError: expected [studyautomation.com - Google Search] but found [Google]
at org.testng.Assert.fail(Assert.java:96)
at org.testng.Assert.failNotEquals(Assert.java:776)
at org.testng.Assert.assertEqualsImpl(Assert.java:137)
at org.testng.Assert.assertEquals(Assert.java:118)
at org.testng.Assert.assertEquals(Assert.java:453)
at org.testng.Assert.assertEquals(Assert.java:463)
at com.test.GoogleTestCases.searchText(GoogleTestCases.java:30)
at sun.reflect.NativeMethodAccessorImpl.invoke0(Native Method)
at sun.reflect.NativeMethodAccessorImpl.invoke(NativeMethodAccessorImpl.java:62)
at sun.reflect.DelegatingMethodAccessorImpl.invoke(DelegatingMethodAccessorImpl.java:43)
at java.lang.reflect.Method.invoke(Method.java:498)
at org.testng.internal.MethodInvocationHelper.invokeMethod(MethodInvocationHelper.java:124)
at org.testng.internal.Invoker.invokeMethod(Invoker.java:583)
at org.testng.internal.Invoker.invokeTestMethod(Invoker.java:719)
at org.testng.internal.Invoker.invokeTestMethods(Invoker.java:989)
at org.testng.internal.TestMethodWorker.invokeTestMethods(TestMethodWorker.java:125)
at org.testng.internal.TestMethodWorker.run(TestMethodWorker.java:109)
at org.testng.TestRunner.privateRun(TestRunner.java:648)
at org.testng.TestRunner.run(TestRunner.java:505)
at org.testng.SuiteRunner.runTest(SuiteRunner.java:455)
at org.testng.SuiteRunner.runSequentially(SuiteRunner.java:450)
at org.testng.SuiteRunner.privateRun(SuiteRunner.java:415)
at org.testng.SuiteRunner.run(SuiteRunner.java:364)
at org.testng.SuiteRunnerWorker.runSuite(SuiteRunnerWorker.java:52)
at org.testng.SuiteRunnerWorker.run(SuiteRunnerWorker.java:84)
at org.testng.TestNG.runSuitesSequentially(TestNG.java:1208)
at org.testng.TestNG.runSuitesLocally(TestNG.java:1137)
at org.testng.TestNG.runSuites(TestNG.java:1049)
at org.testng.TestNG.run(TestNG.java:1017)
at org.testng.remote.AbstractRemoteTestNG.run(AbstractRemoteTestNG.java:115)
at org.testng.remote.RemoteTestNG.initAndRun(RemoteTestNG.java:251)
at org.testng.remote.RemoteTestNG.main(RemoteTestNG.java:77)
]]>
            </full-stacktrace>
          </exception> <!-- java.lang.AssertionError -->
          <reporter-output>
          </reporter-output>
        </test-method> <!-- searchText -->
        <test-method status="SKIP" signature="clickOnFirstLink()[pri:0, instance:com.test.GoogleTestCases@18be83e4]" name="clickOnFirstLink" duration-ms="0" started-at="2019-07-25T15:17:32Z" depends-on-methods="com.test.GoogleTestCases.searchText" finished-at="2019-07-25T15:17:32Z">
          <exception class="java.lang.Throwable">
            <message>
              <![CDATA[Method GoogleTestCases.clickOnFirstLink()[pri:0, instance:com.test.GoogleTestCases@18be83e4] depends on not successfully finished methods]]>
            </message>
            <full-stacktrace>
              <![CDATA[java.lang.Throwable: Method GoogleTestCases.clickOnFirstLink()[pri:0, instance:com.test.GoogleTestCases@18be83e4] depends on not successfully finished methods
at org.testng.internal.Invoker.invokeTestMethods(Invoker.java:888)
at org.testng.internal.TestMethodWorker.invokeTestMethods(TestMethodWorker.java:125)
at org.testng.internal.TestMethodWorker.run(TestMethodWorker.java:109)
at org.testng.TestRunner.privateRun(TestRunner.java:648)
at org.testng.TestRunner.run(TestRunner.java:505)
at org.testng.SuiteRunner.runTest(SuiteRunner.java:455)
at org.testng.SuiteRunner.runSequentially(SuiteRunner.java:450)
at org.testng.SuiteRunner.privateRun(SuiteRunner.java:415)
at org.testng.SuiteRunner.run(SuiteRunner.java:364)
at org.testng.SuiteRunnerWorker.runSuite(SuiteRunnerWorker.java:52)
at org.testng.SuiteRunnerWorker.run(SuiteRunnerWorker.java:84)
at org.testng.TestNG.runSuitesSequentially(TestNG.java:1208)
at org.testng.TestNG.runSuitesLocally(TestNG.java:1137)
at org.testng.TestNG.runSuites(TestNG.java:1049)
at org.testng.TestNG.run(TestNG.java:1017)
at org.testng.remote.AbstractRemoteTestNG.run(AbstractRemoteTestNG.java:115)
at org.testng.remote.RemoteTestNG.initAndRun(RemoteTestNG.java:251)
at org.testng.remote.RemoteTestNG.main(RemoteTestNG.java:77)
]]>
            </full-stacktrace>
          </exception> <!-- java.lang.Throwable -->
          <reporter-output>
          </reporter-output>
        </test-method> <!-- clickOnFirstLink -->
        <test-method status="PASS" signature="afterTest()[pri:0, instance:com.test.GoogleTestCases@18be83e4]" name="afterTest" is-config="true" duration-ms="1036" started-at="2019-07-25T15:17:32Z" finished-at="2019-07-25T15:17:33Z">
          <reporter-output>
          </reporter-output>
        </test-method> <!-- afterTest -->
      </class> <!-- com.test.GoogleTestCases -->
    </test> <!-- Default test -->
  </suite> <!-- Default suite -->
</testng-results>
